<?xml version="1.0" encoding="UTF-8"?>
<!-- Generated by org.testng.reporters.JUnitXMLReporter -->
<testsuite ignored="0" hostname="AdityaGupta-FVFG3XDTQ05D" failures="0" tests="3" name="Default test" time="76.92" errors="0" timestamp="2023-06-28T19:52:53 IST">
  <testcase classname="ui.DemoFrameworkAutomationSeq" name="chromeTest" time="36.782"/>
  <testcase classname="ui.DemoFrameworkAutomationSeq" name="firefoxTest" time="22.034"/>
  <testcase classname="ui.DemoFrameworkAutomationSeq" name="safariTest" time="16.975"/>
</testsuite> <!-- Default test -->
