<?xml version="1.0" encoding="UTF-8"?>
<!-- Generated by org.testng.reporters.JUnitXMLReporter -->
<testsuite ignored="0" hostname="AdityaGupta-FVFG3XDTQ05D" failures="0" tests="3" name="Test" time="99.067" errors="0" timestamp="2023-06-27T11:40:55 IST">
  <testcase classname="ui.DemoFrameworkAutomationSeq" name="chromeTest" time="51.8"/>
  <testcase classname="ui.DemoFrameworkAutomationSeq" name="firefoxTest" time="28.138"/>
  <testcase classname="ui.DemoFrameworkAutomationSeq" name="safariTest" time="18.06"/>
</testsuite> <!-- Test -->
