<?xml version="1.0" encoding="UTF-8"?>
<!-- Generated by org.testng.reporters.JUnitXMLReporter -->
<testsuite ignored="0" hostname="AdityaGupta-FVFG3XDTQ05D" failures="0" tests="3" name="Test" time="84.271" errors="0" timestamp="2023-06-29T17:44:02 IST">
  <testcase classname="ui.DemoFrameworkAutomationSeq" name="chromeTest" time="41.717"/>
  <testcase classname="ui.DemoFrameworkAutomationSeq" name="firefoxTest" time="22.509"/>
  <testcase classname="ui.DemoFrameworkAutomationSeq" name="safariTest" time="18.865"/>
</testsuite> <!-- Test -->
