<?xml version="1.0" encoding="UTF-8"?>
<testng-results ignored="0" total="3" passed="3" failed="0" skipped="0">
  <reporter-output>
  </reporter-output>
  <suite started-at="2023-06-28T19:51:36 IST" name="Default suite" finished-at="2023-06-28T19:52:53 IST" duration-ms="76920">
    <groups>
    </groups>
    <test started-at="2023-06-28T19:51:36 IST" name="Default test" finished-at="2023-06-28T19:52:53 IST" duration-ms="76920">
      <class name="ui.DemoFrameworkAutomationSeq">
        <test-method signature="chromeTest()[pri:0, instance:ui.DemoFrameworkAutomationSeq@42e99e4a]" started-at="2023-06-28T19:51:36 IST" name="chromeTest" finished-at="2023-06-28T19:52:13 IST" duration-ms="36782" status="PASS">
          <reporter-output>
          </reporter-output>
        </test-method> <!-- chromeTest -->
        <test-method is-config="true" signature="tearDown()[pri:0, instance:ui.DemoFrameworkAutomationSeq@42e99e4a]" started-at="2023-06-28T19:52:13 IST" name="tearDown" finished-at="2023-06-28T19:52:13 IST" duration-ms="169" status="PASS">
          <reporter-output>
          </reporter-output>
        </test-method> <!-- tearDown -->
        <test-method signature="firefoxTest()[pri:0, instance:ui.DemoFrameworkAutomationSeq@42e99e4a]" started-at="2023-06-28T19:52:13 IST" name="firefoxTest" finished-at="2023-06-28T19:52:35 IST" duration-ms="22034" status="PASS">
          <reporter-output>
          </reporter-output>
        </test-method> <!-- firefoxTest -->
        <test-method is-config="true" signature="tearDown()[pri:0, instance:ui.DemoFrameworkAutomationSeq@42e99e4a]" started-at="2023-06-28T19:52:35 IST" name="tearDown" finished-at="2023-06-28T19:52:36 IST" duration-ms="640" status="PASS">
          <reporter-output>
          </reporter-output>
        </test-method> <!-- tearDown -->
        <test-method signature="safariTest()[pri:0, instance:ui.DemoFrameworkAutomationSeq@42e99e4a]" started-at="2023-06-28T19:52:36 IST" name="safariTest" finished-at="2023-06-28T19:52:53 IST" duration-ms="16975" status="PASS">
          <reporter-output>
          </reporter-output>
        </test-method> <!-- safariTest -->
        <test-method is-config="true" signature="tearDown()[pri:0, instance:ui.DemoFrameworkAutomationSeq@42e99e4a]" started-at="2023-06-28T19:52:53 IST" name="tearDown" finished-at="2023-06-28T19:52:53 IST" duration-ms="278" status="PASS">
          <reporter-output>
          </reporter-output>
        </test-method> <!-- tearDown -->
      </class> <!-- ui.DemoFrameworkAutomationSeq -->
    </test> <!-- Default test -->
  </suite> <!-- Default suite -->
</testng-results>
